INFO:     Will watch for changes in these directories: ['/Users/sabuj.mondal/ats-resume-scorer']
INFO:     Uvicorn running on http://0.0.0.0:8000 (Press CTRL+C to quit)
INFO:     Started reloader process [50171] using WatchFiles
/Library/Frameworks/Python.framework/Versions/3.14/lib/python3.14/site-packages/pypdf/_crypt_providers/_cryptography.py:32: CryptographyDeprecationWarning: ARC4 has been moved to cryptography.hazmat.decrepit.ciphers.algorithms.ARC4 and will be removed from cryptography.hazmat.primitives.ciphers.algorithms in 48.0.0.
  from cryptography.hazmat.primitives.ciphers.algorithms import AES, ARC4
INFO:     Started server process [50186]
INFO:     Waiting for application startup.
INFO:     Application startup complete.
INFO:     127.0.0.1:52887 - "GET /health HTTP/1.1" 200 OK
INFO:     127.0.0.1:52910 - "GET /api/roles HTTP/1.1" 200 OK
INFO:     127.0.0.1:52910 - "GET /api/roles HTTP/1.1" 200 OK
INFO:     127.0.0.1:52910 - "GET /api/roles HTTP/1.1" 200 OK
INFO:     127.0.0.1:52910 - "GET /api/roles HTTP/1.1" 200 OK
INFO:backend.api.upload:Saved original file: /Users/sabuj.mondal/ats-resume-scorer/backend/storage/uploads/e123fdb3-a592-4ff4-8d26-715b4c1e3937.pdf
INFO:backend.api.upload:Converting document to editable HTML with advanced converter...
INFO:backend.api.upload:Generated editable HTML from PDF
INFO:backend.api.upload:Editable HTML length: 4975 chars
INFO:backend.api.upload:Parsing original PDF
INFO:backend.services.parser:PyMuPDF extracted 541 words from PDF
INFO:backend.services.parser:First 1000 chars: SABUJ MONDAL 
Gurugram, India • sbj122333@gmail.com • +91 8918191698 •   LinkedIn Profile 
 
PROFESSIONAL EXPERIENCE 
AIR INDIA Gurugram, India 
Automation Product Manager 
May 2024 – Present 
• Delivered ₹10+ Cr annualized cost savings through 10+ automations and real-time operational dashboards; received Dream 
Team Award across 14K+ users 
• Led Agentic AI workshops across 8 sub-departments identifying 6+ automation opportunities impacting 15+ stakeholders and 
30 Cr+ potential savings 
Key Product Initiatives: 
• Report Sick/Fit Automation: Spearheaded end-to-end digitization eliminating manual tracking for 14K+ crew; integrated Tata 
1MG API for medical certificate verification (₹5 Cr/year, 12K+ tickets/month auto-resolved, 90% automation) 
• Crew Training Planning Automation: Architected integrated solution via Power Automate & RPA connecting legacy systems, 
reducing 2,000 man-hrs/month by 80% and delivering ₹4 Cr/year savings through timely roster publication 
• Agentic AI Rost
INFO:backend.services.parser:Scanning 60 lines for resume sections
INFO:backend.services.parser:Skills section raw data: []
WARNING:backend.services.parser:No skills section found in resume
INFO:backend.services.parser:Sections extracted - Experience: 1, Education: 1, Skills: 0
INFO:backend.services.parser:Education entries: [{'degree': 'IIM LUCKNOW & CA FOSCARI, ITALY Lucknow / Venice', 'institution': 'MBA | 75.84%', 'location': '', 'graduationDate': '2024', 'gpa': ''}]
INFO:backend.services.parser:Skills entries: []
INFO:backend.services.parser:Skills keywords in text: True
INFO:backend.services.parser:PyMuPDF missing skills/education sections, will try pdfplumber for table extraction
INFO:backend.services.parser:Scanning 56 lines for resume sections
INFO:backend.services.parser:Skills section raw data: []
WARNING:backend.services.parser:No skills section found in resume
INFO:backend.api.upload:Parsed resume - Word count: 569
INFO:backend.api.upload:Experience entries: 1
INFO:backend.api.upload:Education entries: 1
INFO:backend.api.upload:Skills count: 0
INFO:backend.api.upload:First experience entry: {'title': 'Automation Product Manager  May 2024 – Present', 'company': 'AIR INDIA  Gurugram', 'location': 'India', 'startDate': '', 'endDate': '', 'description': 'Team Award across 14K+ users\n• Led A
INFO:backend.api.upload:Running format check with raw_text length: 2708
INFO:backend.api.upload:Format check passed: True
INFO:backend.api.upload:Scoring mode: quality_coach
INFO:backend.api.upload:Using role=product_manager, level=mid (defaults applied if not specified)
INFO:backend.api.upload:Calculating score with role=product_manager, level=mid, mode=quality_coach
INFO:backend.services.corpus_skills_database:Loaded 35,557 skills from corpus database
INFO:backend.api.upload:Score calculated: 73.0
INFO:backend.api.upload:Enhanced suggestions added: 5
Grammar checking failed: 'NoneType' object has no attribute 'check'
Grammar checking failed: 'NoneType' object has no attribute 'check'
Grammar checking failed: 'NoneType' object has no attribute 'check'
Grammar checking failed: 'NoneType' object has no attribute 'check'
Grammar checking failed: 'NoneType' object has no attribute 'check'
Grammar checking failed: 'NoneType' object has no attribute 'check'
Grammar checking failed: 'NoneType' object has no attribute 'check'
Grammar checking failed: 'NoneType' object has no attribute 'check'
Grammar checking failed: 'NoneType' object has no attribute 'check'
Grammar checking failed: 'NoneType' object has no attribute 'check'
Grammar checking failed: 'NoneType' object has no attribute 'check'
Grammar checking failed: 'NoneType' object has no attribute 'check'
Grammar checking failed: 'NoneType' object has no attribute 'check'
Grammar checking failed: 'NoneType' object has no attribute 'check'
Grammar checking failed: 'NoneType' object has no attribute 'check'
Grammar checking failed: 'NoneType' object has no attribute 'check'
Grammar checking failed: 'NoneType' object has no attribute 'check'
Grammar checking failed: 'NoneType' object has no attribute 'check'
Grammar checking failed: 'NoneType' object has no attribute 'check'
Grammar checking failed: 'NoneType' object has no attribute 'check'
Grammar checking failed: 'NoneType' object has no attribute 'check'
Grammar checking failed: 'NoneType' object has no attribute 'check'
Grammar checking failed: 'NoneType' object has no attribute 'check'
Grammar checking failed: 'NoneType' object has no attribute 'check'
Grammar checking failed: 'NoneType' object has no attribute 'check'
Grammar checking failed: 'NoneType' object has no attribute 'check'
INFO:     127.0.0.1:52915 - "POST /api/upload HTTP/1.1" 200 OK
WARNING:  WatchFiles detected changes in 'backend/services/parser.py'. Reloading...
INFO:     Shutting down
INFO:     Waiting for application shutdown.
INFO:     Application shutdown complete.
INFO:     Finished server process [50186]
/Library/Frameworks/Python.framework/Versions/3.14/lib/python3.14/site-packages/pypdf/_crypt_providers/_cryptography.py:32: CryptographyDeprecationWarning: ARC4 has been moved to cryptography.hazmat.decrepit.ciphers.algorithms.ARC4 and will be removed from cryptography.hazmat.primitives.ciphers.algorithms in 48.0.0.
  from cryptography.hazmat.primitives.ciphers.algorithms import AES, ARC4
INFO:     Started server process [50299]
INFO:     Waiting for application startup.
INFO:     Application startup complete.
WARNING:  WatchFiles detected changes in 'backend/services/role_taxonomy.py'. Reloading...
INFO:     Shutting down
INFO:     Waiting for application shutdown.
INFO:     Application shutdown complete.
INFO:     Finished server process [50299]
/Library/Frameworks/Python.framework/Versions/3.14/lib/python3.14/site-packages/pypdf/_crypt_providers/_cryptography.py:32: CryptographyDeprecationWarning: ARC4 has been moved to cryptography.hazmat.decrepit.ciphers.algorithms.ARC4 and will be removed from cryptography.hazmat.primitives.ciphers.algorithms in 48.0.0.
  from cryptography.hazmat.primitives.ciphers.algorithms import AES, ARC4
INFO:     Started server process [50316]
INFO:     Waiting for application startup.
INFO:     Application startup complete.
WARNING:  WatchFiles detected changes in 'backend/services/grammar_checker.py'. Reloading...
